<?xml version="1.0" encoding="UTF-8"?>
<!-- Generated by org.testng.reporters.JUnitXMLReporter -->
<testsuite ignored="0" hostname="LAPTOP-D1O2GJ92" failures="0" tests="1" name="Test01" time="0.009" errors="0" timestamp="28 Apr 2020 05:28:50 GMT">
  <testcase classname="Destiny.testCases.LoginPage" name="@BeforeTest initialize" time="0.001">
    <failure type="java.lang.NullPointerException">
      <![CDATA[java.lang.NullPointerException
at utils.BaseWebPage.initialWebDriver(BaseWebPage.java:38)
at Destiny.testCases.LoginPage.initialize(LoginPage.java:25)
... Removed 24 stack frames]]>
    </failure>
  </testcase> <!-- @BeforeTest initialize -->
  <testcase classname="Destiny.testCases.LoginPage" name="@AfterTest tearDown" time="0.0">
    <skipped/>
  </testcase> <!-- @AfterTest tearDown -->
  <testcase classname="Destiny.testCases.LoginPage" name="Login" time="0.0">
    <skipped/>
  </testcase> <!-- Login -->
</testsuite> <!-- Test01 -->
