<?xml version="1.0" encoding="UTF-8"?>
<!-- Generated by org.testng.reporters.JUnitXMLReporter -->
<testsuite ignored="0" hostname="LAPTOP-D1O2GJ92" failures="0" tests="1" name="Test" time="0.065" errors="0" timestamp="28 Apr 2020 05:28:50 GMT">
  <testcase classname="Destiny.testCases.HomePage" name="@BeforeTest initialize" time="0.024">
    <failure type="java.lang.NullPointerException">
      <![CDATA[java.lang.NullPointerException
at utils.BaseWebPage.initialWebDriver(BaseWebPage.java:38)
at Destiny.testCases.HomePage.initialize(HomePage.java:27)
... Removed 24 stack frames]]>
    </failure>
  </testcase> <!-- @BeforeTest initialize -->
  <testcase classname="Destiny.testCases.HomePage" name="@AfterTest tearDown" time="0.0">
    <skipped/>
  </testcase> <!-- @AfterTest tearDown -->
  <testcase classname="Destiny.testCases.HomePage" name="ValidationHomePage" time="0.0">
    <skipped/>
  </testcase> <!-- ValidationHomePage -->
</testsuite> <!-- Test -->
