<?xml version="1.0" encoding="UTF-8"?>
<testsuite xmlns:xsi="http://www.w3.org/2001/XMLSchema-instance" xsi:noNamespaceSchemaLocation="https://maven.apache.org/surefire/maven-surefire-plugin/xsd/surefire-test-report-3.0.xsd" version="3.0" name="TestSuite" time="29.996" tests="2" errors="0" skipped="0" failures="1">
  <properties>
[...]
</properties>
  <testcase name="ValidationHomePage" classname="Destiny.testCases.HomePage" time="0.277">
    <failure message="expected [false] but found [true]" type="java.lang.AssertionError"><![CDATA[java.lang.AssertionError: expected [false] but found [true]
	at Destiny.testCases.HomePage.ValidationHomePage(HomePage.java:43)
]]></failure>
    <system-out><![CDATA[[TestNGContentHandler] [WARN] It is strongly recommended to add "<!DOCTYPE suite SYSTEM "http://testng.org/testng-1.0.dtd" >" at the top of your file, otherwise TestNG may fail or not work as expected.
0 [main] DEBUG utils.BaseWebPage  - Chrome Driver initiated
2304 [main] INFO Destiny.testCases.HomePage  - Navigated to Home page
]]></system-out>
    <system-err><![CDATA[Starting ChromeDriver 80.0.3987.106 (f68069574609230cf9b635cd784cfb1bf81bb53a-refs/branch-heads/3987@{#882}) on port 38485
Only local connections are allowed.
Please protect ports used by ChromeDriver and related test frameworks to prevent access by malicious code.
[1588058978.803][WARNING]: This version of ChromeDriver has not been tested with Chrome version 81.
[1588058980.821][WARNING]: Timed out connecting to Chrome, retrying...
Apr 28, 2020 12:59:42 PM org.openqa.selenium.remote.ProtocolHandshake createSession
INFO: Detected dialect: W3C
[1588058983.705][SEVERE]: Timed out receiving message from renderer: 0.100
[1588058983.806][SEVERE]: Timed out receiving message from renderer: 0.100
[1588058983.908][SEVERE]: Timed out receiving message from renderer: 0.100
[1588058984.010][SEVERE]: Timed out receiving message from renderer: 0.100
[1588058985.015][SEVERE]: Timed out receiving message from renderer: 0.100
[1588058985.119][SEVERE]: Timed out receiving message from renderer: 0.100
]]></system-err>
  </testcase>
  <testcase name="Login" classname="Destiny.testCases.LoginPage" time="11.686"/>
</testsuite>