-------------------------------------------------------------------------------
Test set: TestSuite
-------------------------------------------------------------------------------
Tests run: 2, Failures: 1, Errors: 0, Skipped: 0, Time elapsed: 29.996 s <<< FAILURE! - in TestSuite
Destiny.testCases.HomePage.ValidationHomePage  Time elapsed: 0.277 s  <<< FAILURE!
java.lang.AssertionError: expected [false] but found [true]
	at Destiny.testCases.HomePage.ValidationHomePage(HomePage.java:43)

